[35m[Appium][39m Welcome to Appium v1.22.3
[35m[Appium][39m Non-default server args:
[35m[Appium][39m   port: 65484
[35m[Appium][39m   loglevel: info
[35m[Appium][39m   tmpDir: C:\Users\FALIH~1.HIL\AppData\Local\Temp\\Katalon\Appium\Temp1684781885129
[35m[Appium][39m   chromedriverPort: 65485
[35m[Appium][39m Deprecated server args:
[35m[Appium][39m   [31m--chromedriver-port[39m => --default-capabilities
[35m[Appium][39m Default capabilities, which will be added to each request unless overridden by desired capabilities:
[35m[Appium][39m   chromedriverPort: 65485
[35m[Appium][39m Appium REST http interface listener started on 0.0.0.0:65484
[35m[HTTP][39m [37m-->[39m [37mGET[39m [37m/wd/hub/status[39m
[35m[HTTP][39m [90m{}[39m
[35m[HTTP][39m [37m<-- GET /wd/hub/status [39m[32m200[39m [90m11 ms - 68[39m
[35m[HTTP][39m [90m[39m
[35m[HTTP][39m [37m-->[39m [37mGET[39m [37m/wd/hub/status[39m
[35m[HTTP][39m [90m{}[39m
[35m[HTTP][39m [37m<-- GET /wd/hub/status [39m[32m200[39m [90m1 ms - 68[39m
[35m[HTTP][39m [90m[39m
[35m[HTTP][39m [37m-->[39m [37mPOST[39m [37m/wd/hub/session[39m
[35m[HTTP][39m [90m{"desiredCapabilities":{"app":"C:\\Users\\falih.hilmi\\Downloads\\trackigDA_{2.3.0}_{STAGE}{DEBUG} (4).apk","noReset":true,"deviceName":"samsung SM-A225F (Android 11)","fullReset":false,"platform":"ANDROID","newCommandTimeout":1800,"platformVersion":"11","automationName":"uiautomator2","autoGrantPermissions":true,"platformName":"Android","udid":"RR8R608E9QE","systemPort":65497},"capabilities":{"firstMatch":[{"appium:app":"C:\\Users\\falih.hilmi\\Downloads\\trackigDA_{2.3.0}_{STAGE}{DEBUG} (4).apk","appium:autoGrantPermissions":true,"appium:automationName":"uiautomator2","appium:deviceName":"samsung SM-A225F (Android 11)","appium:fullReset":false,"appium:newCommandTimeout":1800,"appium:noReset":true,"platform":"ANDROID","platformName":"android","appium:platformVersion":"11","appium:systemPort":65497,"appium:udid":"RR8R608E9QE"}]}}[39m
[35m[BaseDriver][39m The following capabilities are not standard capabilities and should have an extension prefix:
[35m[BaseDriver][39m   platform
[35m[BaseDriver][39m   chromedriverPort
[35m[Appium][39m Appium v1.22.3 creating new AndroidUiautomator2Driver (v1.70.1) session
[35m[BaseDriver][39m The following capabilities were provided, but are not recognized by Appium:
[35m[BaseDriver][39m   platform
[35m[BaseDriver][39m Session created with session id: 938e85d1-5b4b-4a68-9368-2b9cc38672a4
[35m[BaseDriver][39m Using local app 'C:\Users\falih.hilmi\Downloads\trackigDA_{2.3.0}_{STAGE}{DEBUG} (4).apk'
[35m[ADB][39m Found 1 'build-tools' folders under 'C:\Users\falih.hilmi\.katalon\tools\android_sdk' (newest first):
[35m[ADB][39m     C:/Users/falih.hilmi/.katalon/tools/android_sdk/build-tools/29.0.3
[35m[ADB][39m Using 'adb.exe' from 'C:\Users\falih.hilmi\.katalon\tools\android_sdk\platform-tools\adb.exe'
[35m[AndroidDriver][39m Retrieving device list
[35m[AndroidDriver][39m Using device: RR8R608E9QE
[35m[ADB][39m Using 'adb.exe' from 'C:\Users\falih.hilmi\.katalon\tools\android_sdk\platform-tools\adb.exe'
[35m[ADB][39m Getting device platform version
[35m[UiAutomator2][39m Relaxing hidden api policy
[35m[ADB][39m Package name: 'id.bluebird.driver.stage'
[35m[ADB][39m Main activity name: 'id.bluebird.driver.ui.splashscreen.SplashScreenActivity'
[35m[UiAutomator2][39m Did not get confirmation UiAutomator2 deleteSession worked; Error was: UnknownError: An unknown server-side error occurred while processing the command. Original error: Trying to proxy a session command without session id
[35m[UiAutomator2][39m Restoring hidden api policy to the device default configuration
[35m[HTTP][39m [37m<-- POST /wd/hub/session [39m[31m500[39m [90m5224 ms - 2895[39m
[35m[HTTP][39m [90m[39m
